<?xml version="1.0" encoding="UTF-8"?>
<TestRun id="b3211367-051e-45aa-b207-cc2b31a14435" name="Steve@STEVEIBPDESKTOP 2010-09-08 22:07:20" runUser="SteveIBPDesktop\Steve" xmlns="http://microsoft.com/schemas/VisualStudio/TeamTest/2010">
  <TestSettings name="Local" id="35acf09e-fec5-4d96-8fa2-c858d3f35565">
    <Description>These are default test settings for a local test run.</Description>
    <Deployment enabled="false" runDeploymentRoot="Steve_STEVEIBPDESKTOP 2010-09-08 22_07_20" />
    <Execution>
      <TestTypeSpecific />
      <AgentRule name="Execution Agents">
      </AgentRule>
    </Execution>
  </TestSettings>
  <Times creation="2010-09-08T22:07:20.1935781-04:00" queuing="2010-09-08T22:07:20.4738515-04:00" start="2010-09-08T22:07:20.5177969-04:00" finish="2010-09-08T22:07:20.8478750-04:00" />
  <ResultSummary outcome="Completed">
    <Counters total="1" executed="1" passed="1" error="0" failed="0" timeout="0" aborted="0" inconclusive="0" passedButRunAborted="0" notRunnable="0" notExecuted="0" disconnected="0" warning="0" completed="0" inProgress="0" pending="0" />
  </ResultSummary>
  <TestDefinitions>
    <UnitTest name="SendTotalAmountToCreditCardProcessor" storage="c:\users\steve\documents\my projects\pluralsight\005 - dependency inversion principle\dip1\commerce\bin\debug\commerce.dll" id="5f0cb46c-63d2-49f8-3633-2ef4117392c7">
      <Execution id="5a4bd703-5715-48a6-a3c2-9dd65425de4d" />
      <TestMethod codeBase="C:/Users/Steve/Documents/My Projects/PluralSight/005 - Dependency Inversion Principle/DIP1/Commerce/bin/Debug/Commerce.DLL" adapterTypeName="Microsoft.VisualStudio.TestTools.TestTypes.Unit.UnitTestAdapter, Microsoft.VisualStudio.QualityTools.Tips.UnitTest.Adapter, Version=10.0.0.0, Culture=neutral, PublicKeyToken=b03f5f7f11d50a3a" className="Commerce.LooseCoupling.OnlineOrderCheckoutShould, Commerce, Version=1.0.0.0, Culture=neutral, PublicKeyToken=null" name="SendTotalAmountToCreditCardProcessor" />
    </UnitTest>
  </TestDefinitions>
  <TestLists>
    <TestList name="Results Not in a List" id="8c84fa94-04c1-424b-9868-57a2d4851a1d" />
    <TestList name="All Loaded Results" id="19431567-8539-422a-85d7-44ee4e166bda" />
  </TestLists>
  <TestEntries>
    <TestEntry testId="5f0cb46c-63d2-49f8-3633-2ef4117392c7" executionId="5a4bd703-5715-48a6-a3c2-9dd65425de4d" testListId="8c84fa94-04c1-424b-9868-57a2d4851a1d" />
  </TestEntries>
  <Results>
    <UnitTestResult executionId="5a4bd703-5715-48a6-a3c2-9dd65425de4d" testId="5f0cb46c-63d2-49f8-3633-2ef4117392c7" testName="SendTotalAmountToCreditCardProcessor" computerName="STEVEIBPDESKTOP" duration="00:00:00.0128490" startTime="2010-09-08T22:07:20.5275625-04:00" endTime="2010-09-08T22:07:20.8166250-04:00" testType="13cdc9d9-ddb5-4fa4-a97d-d965ccfc6d4b" outcome="Passed" testListId="8c84fa94-04c1-424b-9868-57a2d4851a1d" relativeResultsDirectory="5a4bd703-5715-48a6-a3c2-9dd65425de4d">
    </UnitTestResult>
  </Results>
</TestRun>