<?xml version="1.0" encoding="UTF-8"?>
<TestRun id="3ac8b4e1-c744-481e-b6c9-fc4bd3c5f816" name="Steve@STEVEIBPDESKTOP 2010-09-08 22:32:04" runUser="SteveIBPDesktop\Steve" xmlns="http://microsoft.com/schemas/VisualStudio/TeamTest/2010">
  <TestSettings name="Local" id="35acf09e-fec5-4d96-8fa2-c858d3f35565">
    <Description>These are default test settings for a local test run.</Description>
    <Deployment enabled="false" runDeploymentRoot="Steve_STEVEIBPDESKTOP 2010-09-08 22_32_04" />
    <Execution>
      <TestTypeSpecific />
      <AgentRule name="Execution Agents">
      </AgentRule>
    </Execution>
  </TestSettings>
  <Times creation="2010-09-08T22:32:04.7482656-04:00" queuing="2010-09-08T22:32:04.7560781-04:00" start="2010-09-08T22:32:04.7629140-04:00" finish="2010-09-08T22:32:06.2814687-04:00" />
  <ResultSummary outcome="Completed">
    <Counters total="1" executed="1" passed="1" error="0" failed="0" timeout="0" aborted="0" inconclusive="0" passedButRunAborted="0" notRunnable="0" notExecuted="0" disconnected="0" warning="0" completed="0" inProgress="0" pending="0" />
  </ResultSummary>
  <TestDefinitions>
    <UnitTest name="NotFailWithNoItemsNotificationNoCreditCard" storage="c:\users\steve\documents\my projects\pluralsight\005 - dependency inversion principle\dip1\commerce\bin\debug\commerce.dll" id="8340dc5d-16c6-24b3-cba0-fb71052e09f4">
      <Execution id="3217cb2b-f887-429f-b6fc-a6400e66fc6c" />
      <TestMethod codeBase="C:/Users/Steve/Documents/My Projects/PluralSight/005 - Dependency Inversion Principle/DIP1/Commerce/bin/Debug/Commerce.DLL" adapterTypeName="Microsoft.VisualStudio.TestTools.TestTypes.Unit.UnitTestAdapter, Microsoft.VisualStudio.QualityTools.Tips.UnitTest.Adapter, Version=10.0.0.0, Culture=neutral, PublicKeyToken=b03f5f7f11d50a3a" className="Commerce.TightCoupling.OrderCheckoutShould, Commerce, Version=1.0.0.0, Culture=neutral, PublicKeyToken=null" name="NotFailWithNoItemsNotificationNoCreditCard" />
    </UnitTest>
  </TestDefinitions>
  <TestLists>
    <TestList name="Results Not in a List" id="8c84fa94-04c1-424b-9868-57a2d4851a1d" />
    <TestList name="All Loaded Results" id="19431567-8539-422a-85d7-44ee4e166bda" />
  </TestLists>
  <TestEntries>
    <TestEntry testId="8340dc5d-16c6-24b3-cba0-fb71052e09f4" executionId="3217cb2b-f887-429f-b6fc-a6400e66fc6c" testListId="8c84fa94-04c1-424b-9868-57a2d4851a1d" />
  </TestEntries>
  <Results>
    <UnitTestResult executionId="3217cb2b-f887-429f-b6fc-a6400e66fc6c" testId="8340dc5d-16c6-24b3-cba0-fb71052e09f4" testName="NotFailWithNoItemsNotificationNoCreditCard" computerName="STEVEIBPDESKTOP" duration="00:00:01.2686123" startTime="2010-09-08T22:32:04.7658437-04:00" endTime="2010-09-08T22:32:06.2248281-04:00" testType="13cdc9d9-ddb5-4fa4-a97d-d965ccfc6d4b" outcome="Passed" testListId="8c84fa94-04c1-424b-9868-57a2d4851a1d" relativeResultsDirectory="3217cb2b-f887-429f-b6fc-a6400e66fc6c">
    </UnitTestResult>
  </Results>
</TestRun>