<?xml version="1.0" encoding="UTF-8"?>
<TestRun id="dadb3ffe-0a4e-4345-8d24-d3750b528b57" name="Steve@STEVEIBPDESKTOP 2010-09-01 00:14:45" runUser="SteveIBPDesktop\Steve" xmlns="http://microsoft.com/schemas/VisualStudio/TeamTest/2010">
  <TestSettings name="Local" id="35acf09e-fec5-4d96-8fa2-c858d3f35565">
    <Description>These are default test settings for a local test run.</Description>
    <Deployment enabled="false" runDeploymentRoot="Steve_STEVEIBPDESKTOP 2010-09-01 00_14_45" />
    <Execution>
      <TestTypeSpecific />
      <AgentRule name="Execution Agents">
      </AgentRule>
    </Execution>
  </TestSettings>
  <Times creation="2010-09-01T00:14:45.1935781-04:00" queuing="2010-09-01T00:14:45.1994375-04:00" start="2010-09-01T00:14:45.2043203-04:00" finish="2010-09-01T00:14:45.7892812-04:00" />
  <ResultSummary outcome="Completed">
    <Counters total="1" executed="1" passed="1" error="0" failed="0" timeout="0" aborted="0" inconclusive="0" passedButRunAborted="0" notRunnable="0" notExecuted="0" disconnected="0" warning="0" completed="0" inProgress="0" pending="0" />
  </ResultSummary>
  <TestDefinitions>
    <UnitTest name="SendTotalAmountToCreditCardProcessor" storage="c:\users\steve\documents\my projects\pluralsight\005 - dependency inversion principle\dip1\commerce\bin\debug\commerce.dll" id="5f0cb46c-63d2-49f8-3633-2ef4117392c7">
      <Execution id="57c1d8bf-fe87-4d45-8e40-9a0bb188d52b" />
      <TestMethod codeBase="C:/Users/Steve/Documents/My Projects/PluralSight/005 - Dependency Inversion Principle/DIP1/Commerce/bin/Debug/Commerce.DLL" adapterTypeName="Microsoft.VisualStudio.TestTools.TestTypes.Unit.UnitTestAdapter, Microsoft.VisualStudio.QualityTools.Tips.UnitTest.Adapter, Version=10.0.0.0, Culture=neutral, PublicKeyToken=b03f5f7f11d50a3a" className="Commerce.LooseCoupling.OnlineOrderCheckoutShould, Commerce, Version=1.0.0.0, Culture=neutral, PublicKeyToken=null" name="SendTotalAmountToCreditCardProcessor" />
    </UnitTest>
  </TestDefinitions>
  <TestLists>
    <TestList name="Results Not in a List" id="8c84fa94-04c1-424b-9868-57a2d4851a1d" />
    <TestList name="All Loaded Results" id="19431567-8539-422a-85d7-44ee4e166bda" />
  </TestLists>
  <TestEntries>
    <TestEntry testId="5f0cb46c-63d2-49f8-3633-2ef4117392c7" executionId="57c1d8bf-fe87-4d45-8e40-9a0bb188d52b" testListId="8c84fa94-04c1-424b-9868-57a2d4851a1d" />
  </TestEntries>
  <Results>
    <UnitTestResult executionId="57c1d8bf-fe87-4d45-8e40-9a0bb188d52b" testId="5f0cb46c-63d2-49f8-3633-2ef4117392c7" testName="SendTotalAmountToCreditCardProcessor" computerName="STEVEIBPDESKTOP" duration="00:00:00.0125456" startTime="2010-09-01T00:14:45.2131094-04:00" endTime="2010-09-01T00:14:45.4103750-04:00" testType="13cdc9d9-ddb5-4fa4-a97d-d965ccfc6d4b" outcome="Passed" testListId="8c84fa94-04c1-424b-9868-57a2d4851a1d" relativeResultsDirectory="57c1d8bf-fe87-4d45-8e40-9a0bb188d52b">
    </UnitTestResult>
  </Results>
</TestRun>