<?xml version="1.0" encoding="UTF-8"?>
<TestRun id="96aa4f8f-81a0-42a0-a119-f21da7ebfb85" name="Steve@STEVEIBPDESKTOP 2010-08-31 23:21:15" runUser="SteveIBPDesktop\Steve" xmlns="http://microsoft.com/schemas/VisualStudio/TeamTest/2010">
  <TestSettings name="Local" id="35acf09e-fec5-4d96-8fa2-c858d3f35565">
    <Description>These are default test settings for a local test run.</Description>
    <Deployment enabled="false" runDeploymentRoot="Steve_STEVEIBPDESKTOP 2010-08-31 23_21_15" />
    <Execution>
      <TestTypeSpecific />
      <AgentRule name="Execution Agents">
      </AgentRule>
    </Execution>
  </TestSettings>
  <Times creation="2010-08-31T23:21:15.0099844-04:00" queuing="2010-08-31T23:21:15.3078359-04:00" start="2010-08-31T23:21:15.3615469-04:00" finish="2010-08-31T23:21:15.7297109-04:00" />
  <ResultSummary outcome="Failed">
    <Counters total="1" executed="1" error="0" failed="1" timeout="0" aborted="0" inconclusive="0" passedButRunAborted="0" notRunnable="0" notExecuted="0" disconnected="0" warning="0" passed="0" completed="0" inProgress="0" pending="0" />
  </ResultSummary>
  <TestDefinitions>
    <UnitTest name="DoSomething" storage="c:\users\steve\documents\my projects\pluralsight\005 - dependency inversion principle\dip1\commerce\bin\debug\commerce.dll" id="a5930732-871f-cc78-99e2-967976012004">
      <Execution id="dfd07340-50e6-4bb7-9f02-f3dbb42d4a04" />
      <TestMethod codeBase="C:/Users/Steve/Documents/My Projects/PluralSight/005 - Dependency Inversion Principle/DIP1/Commerce/bin/Debug/Commerce.DLL" adapterTypeName="Microsoft.VisualStudio.TestTools.TestTypes.Unit.UnitTestAdapter, Microsoft.VisualStudio.QualityTools.Tips.UnitTest.Adapter, Version=10.0.0.0, Culture=neutral, PublicKeyToken=b03f5f7f11d50a3a" className="Commerce.OrderCheckoutShould, Commerce, Version=1.0.0.0, Culture=neutral, PublicKeyToken=null" name="DoSomething" />
    </UnitTest>
  </TestDefinitions>
  <TestLists>
    <TestList name="Results Not in a List" id="8c84fa94-04c1-424b-9868-57a2d4851a1d" />
    <TestList name="All Loaded Results" id="19431567-8539-422a-85d7-44ee4e166bda" />
  </TestLists>
  <TestEntries>
    <TestEntry testId="a5930732-871f-cc78-99e2-967976012004" executionId="dfd07340-50e6-4bb7-9f02-f3dbb42d4a04" testListId="8c84fa94-04c1-424b-9868-57a2d4851a1d" />
  </TestEntries>
  <Results>
    <UnitTestResult executionId="dfd07340-50e6-4bb7-9f02-f3dbb42d4a04" testId="a5930732-871f-cc78-99e2-967976012004" testName="DoSomething" computerName="STEVEIBPDESKTOP" duration="00:00:00.0302596" startTime="2010-08-31T23:21:15.3732656-04:00" endTime="2010-08-31T23:21:15.6750234-04:00" testType="13cdc9d9-ddb5-4fa4-a97d-d965ccfc6d4b" outcome="Failed" testListId="8c84fa94-04c1-424b-9868-57a2d4851a1d" relativeResultsDirectory="dfd07340-50e6-4bb7-9f02-f3dbb42d4a04">
      <Output>
        <ErrorInfo>
          <Message>Test method Commerce.OrderCheckoutShould.DoSomething threw exception: 
System.NullReferenceException: Object reference not set to an instance of an object.</Message>
          <StackTrace>    at Commerce.Model.Order.ReserveInventory(Cart cart) in C:\Users\Steve\Documents\My Projects\PluralSight\005 - Dependency Inversion Principle\DIP1\Commerce\Model\Order.cs:line 50
   at Commerce.Model.Order.Checkout(Cart cart, PaymentDetails paymentDetails, Boolean notifyCustomer) in C:\Users\Steve\Documents\My Projects\PluralSight\005 - Dependency Inversion Principle\DIP1\Commerce\Model\Order.cs:line 17
   at Commerce.OrderCheckoutShould.DoSomething() in C:\Users\Steve\Documents\My Projects\PluralSight\005 - Dependency Inversion Principle\DIP1\Commerce\CartShould.cs:line 21
</StackTrace>
        </ErrorInfo>
      </Output>
    </UnitTestResult>
  </Results>
</TestRun>