<?xml version="1.0" encoding="UTF-8"?>
<TestRun id="02c75d38-5e98-4110-82a3-adf96a89c1e8" name="Steve@STEVEIBPDESKTOP 2010-08-31 23:36:59" runUser="SteveIBPDesktop\Steve" xmlns="http://microsoft.com/schemas/VisualStudio/TeamTest/2010">
  <TestSettings name="Local" id="35acf09e-fec5-4d96-8fa2-c858d3f35565">
    <Description>These are default test settings for a local test run.</Description>
    <Deployment enabled="false" runDeploymentRoot="Steve_STEVEIBPDESKTOP 2010-08-31 23_36_59" />
    <Execution>
      <TestTypeSpecific />
      <AgentRule name="Execution Agents">
      </AgentRule>
    </Execution>
  </TestSettings>
  <Times creation="2010-08-31T23:36:59.5929922-04:00" queuing="2010-08-31T23:36:59.5998281-04:00" start="2010-08-31T23:36:59.6047109-04:00" finish="2010-08-31T23:37:02.2834219-04:00" />
  <ResultSummary outcome="Completed">
    <Counters total="2" executed="2" passed="2" error="0" failed="0" timeout="0" aborted="0" inconclusive="0" passedButRunAborted="0" notRunnable="0" notExecuted="0" disconnected="0" warning="0" completed="0" inProgress="0" pending="0" />
  </ResultSummary>
  <TestDefinitions>
    <UnitTest name="NotFailWithNoItemsNoNotificationNoCreditCard" storage="c:\users\steve\documents\my projects\pluralsight\005 - dependency inversion principle\dip1\commerce\bin\debug\commerce.dll" id="2b0bbb02-d325-d5e1-4154-00885888cc51">
      <Execution id="de3f22b7-a684-47dc-a9a3-6d7f4c60ca43" />
      <TestMethod codeBase="C:/Users/Steve/Documents/My Projects/PluralSight/005 - Dependency Inversion Principle/DIP1/Commerce/bin/Debug/Commerce.DLL" adapterTypeName="Microsoft.VisualStudio.TestTools.TestTypes.Unit.UnitTestAdapter, Microsoft.VisualStudio.QualityTools.Tips.UnitTest.Adapter, Version=10.0.0.0, Culture=neutral, PublicKeyToken=b03f5f7f11d50a3a" className="Commerce.OrderCheckoutShould, Commerce, Version=1.0.0.0, Culture=neutral, PublicKeyToken=null" name="NotFailWithNoItemsNoNotificationNoCreditCard" />
    </UnitTest>
    <UnitTest name="NotFailWithNoItemsNotificationNoCreditCard" storage="c:\users\steve\documents\my projects\pluralsight\005 - dependency inversion principle\dip1\commerce\bin\debug\commerce.dll" id="987dbc40-e83f-b22f-fe88-6c2e28a35403">
      <Execution id="fe1d343b-e8ee-43ba-bbdc-f161221b727e" />
      <TestMethod codeBase="C:/Users/Steve/Documents/My Projects/PluralSight/005 - Dependency Inversion Principle/DIP1/Commerce/bin/Debug/Commerce.DLL" adapterTypeName="Microsoft.VisualStudio.TestTools.TestTypes.Unit.UnitTestAdapter, Microsoft.VisualStudio.QualityTools.Tips.UnitTest.Adapter, Version=10.0.0.0, Culture=neutral, PublicKeyToken=b03f5f7f11d50a3a" className="Commerce.OrderCheckoutShould, Commerce, Version=1.0.0.0, Culture=neutral, PublicKeyToken=null" name="NotFailWithNoItemsNotificationNoCreditCard" />
    </UnitTest>
  </TestDefinitions>
  <TestLists>
    <TestList name="Results Not in a List" id="8c84fa94-04c1-424b-9868-57a2d4851a1d" />
    <TestList name="All Loaded Results" id="19431567-8539-422a-85d7-44ee4e166bda" />
  </TestLists>
  <TestEntries>
    <TestEntry testId="2b0bbb02-d325-d5e1-4154-00885888cc51" executionId="de3f22b7-a684-47dc-a9a3-6d7f4c60ca43" testListId="8c84fa94-04c1-424b-9868-57a2d4851a1d" />
    <TestEntry testId="987dbc40-e83f-b22f-fe88-6c2e28a35403" executionId="fe1d343b-e8ee-43ba-bbdc-f161221b727e" testListId="8c84fa94-04c1-424b-9868-57a2d4851a1d" />
  </TestEntries>
  <Results>
    <UnitTestResult executionId="de3f22b7-a684-47dc-a9a3-6d7f4c60ca43" testId="2b0bbb02-d325-d5e1-4154-00885888cc51" testName="NotFailWithNoItemsNoNotificationNoCreditCard" computerName="STEVEIBPDESKTOP" duration="00:00:00.0115191" startTime="2010-08-31T23:36:59.6086172-04:00" endTime="2010-08-31T23:36:59.8185781-04:00" testType="13cdc9d9-ddb5-4fa4-a97d-d965ccfc6d4b" outcome="Passed" testListId="8c84fa94-04c1-424b-9868-57a2d4851a1d" relativeResultsDirectory="de3f22b7-a684-47dc-a9a3-6d7f4c60ca43">
    </UnitTestResult>
    <UnitTestResult executionId="fe1d343b-e8ee-43ba-bbdc-f161221b727e" testId="987dbc40-e83f-b22f-fe88-6c2e28a35403" testName="NotFailWithNoItemsNotificationNoCreditCard" computerName="STEVEIBPDESKTOP" duration="00:00:02.0207108" startTime="2010-08-31T23:36:59.8185781-04:00" endTime="2010-08-31T23:37:01.8429922-04:00" testType="13cdc9d9-ddb5-4fa4-a97d-d965ccfc6d4b" outcome="Passed" testListId="8c84fa94-04c1-424b-9868-57a2d4851a1d" relativeResultsDirectory="fe1d343b-e8ee-43ba-bbdc-f161221b727e">
    </UnitTestResult>
  </Results>
</TestRun>