<?xml version="1.0" encoding="UTF-8"?>
<TestRun id="1435a9d9-3f6a-489a-b1e4-31f8abfc61ca" name="Steve@STEVEIBPDESKTOP 2010-08-31 23:22:21" runUser="SteveIBPDesktop\Steve" xmlns="http://microsoft.com/schemas/VisualStudio/TeamTest/2010">
  <TestSettings name="Local" id="35acf09e-fec5-4d96-8fa2-c858d3f35565">
    <Description>These are default test settings for a local test run.</Description>
    <Deployment enabled="false" runDeploymentRoot="Steve_STEVEIBPDESKTOP 2010-08-31 23_22_21" />
    <Execution>
      <TestTypeSpecific />
      <AgentRule name="Execution Agents">
      </AgentRule>
    </Execution>
  </TestSettings>
  <Times creation="2010-08-31T23:22:21.5480703-04:00" queuing="2010-08-31T23:22:21.5539297-04:00" start="2010-08-31T23:22:21.5597890-04:00" finish="2010-08-31T23:22:21.7873281-04:00" />
  <ResultSummary outcome="Completed">
    <Counters total="1" executed="1" passed="1" error="0" failed="0" timeout="0" aborted="0" inconclusive="0" passedButRunAborted="0" notRunnable="0" notExecuted="0" disconnected="0" warning="0" completed="0" inProgress="0" pending="0" />
  </ResultSummary>
  <TestDefinitions>
    <UnitTest name="DoSomething" storage="c:\users\steve\documents\my projects\pluralsight\005 - dependency inversion principle\dip1\commerce\bin\debug\commerce.dll" id="a5930732-871f-cc78-99e2-967976012004">
      <Execution id="25bded2d-ed82-4e0f-a643-9cedc114d720" />
      <TestMethod codeBase="C:/Users/Steve/Documents/My Projects/PluralSight/005 - Dependency Inversion Principle/DIP1/Commerce/bin/Debug/Commerce.DLL" adapterTypeName="Microsoft.VisualStudio.TestTools.TestTypes.Unit.UnitTestAdapter, Microsoft.VisualStudio.QualityTools.Tips.UnitTest.Adapter, Version=10.0.0.0, Culture=neutral, PublicKeyToken=b03f5f7f11d50a3a" className="Commerce.OrderCheckoutShould, Commerce, Version=1.0.0.0, Culture=neutral, PublicKeyToken=null" name="DoSomething" />
    </UnitTest>
  </TestDefinitions>
  <TestLists>
    <TestList name="Results Not in a List" id="8c84fa94-04c1-424b-9868-57a2d4851a1d" />
    <TestList name="All Loaded Results" id="19431567-8539-422a-85d7-44ee4e166bda" />
  </TestLists>
  <TestEntries>
    <TestEntry testId="a5930732-871f-cc78-99e2-967976012004" executionId="25bded2d-ed82-4e0f-a643-9cedc114d720" testListId="8c84fa94-04c1-424b-9868-57a2d4851a1d" />
  </TestEntries>
  <Results>
    <UnitTestResult executionId="25bded2d-ed82-4e0f-a643-9cedc114d720" testId="a5930732-871f-cc78-99e2-967976012004" testName="DoSomething" computerName="STEVEIBPDESKTOP" duration="00:00:00.0112674" startTime="2010-08-31T23:22:21.5627187-04:00" endTime="2010-08-31T23:22:21.7599844-04:00" testType="13cdc9d9-ddb5-4fa4-a97d-d965ccfc6d4b" outcome="Passed" testListId="8c84fa94-04c1-424b-9868-57a2d4851a1d" relativeResultsDirectory="25bded2d-ed82-4e0f-a643-9cedc114d720">
    </UnitTestResult>
  </Results>
</TestRun>