<?xml version="1.0" encoding="UTF-8"?>
<TestRun id="a8874389-1c38-4b2d-8b5e-037d8398d097" name="Steve@STEVEIBPDESKTOP 2010-09-08 22:16:34" runUser="SteveIBPDesktop\Steve" xmlns="http://microsoft.com/schemas/VisualStudio/TeamTest/2010">
  <TestSettings name="Local" id="35acf09e-fec5-4d96-8fa2-c858d3f35565">
    <Description>These are default test settings for a local test run.</Description>
    <Deployment userDeploymentRoot="C:\Users\Steve\Documents\My Projects\PluralSight\005 - Dependency Inversion Principle\DIP1\TestResults" useDefaultDeploymentRoot="false" enabled="false" runDeploymentRoot="Steve_STEVEIBPDESKTOP 2010-09-08 22_16_34" />
    <Execution>
      <TestTypeSpecific />
      <AgentRule name="Execution Agents">
      </AgentRule>
    </Execution>
  </TestSettings>
  <Times creation="2010-09-08T22:16:34.9318594-04:00" queuing="2010-09-08T22:16:36.2590078-04:00" start="2010-09-08T22:16:36.4338125-04:00" finish="2010-09-08T22:17:20.3068594-04:00" />
  <ResultSummary outcome="Completed">
    <Counters total="1" executed="1" passed="1" error="0" failed="0" timeout="0" aborted="0" inconclusive="0" passedButRunAborted="0" notRunnable="0" notExecuted="0" disconnected="0" warning="0" completed="0" inProgress="0" pending="0" />
  </ResultSummary>
  <TestDefinitions>
    <UnitTest name="NotFailWithNoItemsNotificationNoCreditCard" storage="c:\users\steve\documents\my projects\pluralsight\005 - dependency inversion principle\dip1\commerce\bin\debug\commerce.dll" id="be28b50c-f646-02d5-d38f-096a585e0d9a">
      <Execution id="dbe0a170-c103-4b7e-aab1-c2580efd8473" />
      <TestMethod codeBase="C:/Users/Steve/Documents/My Projects/PluralSight/005 - Dependency Inversion Principle/DIP1/Commerce/bin/Debug/Commerce.DLL" adapterTypeName="Microsoft.VisualStudio.TestTools.TestTypes.Unit.UnitTestAdapter, Microsoft.VisualStudio.QualityTools.Tips.UnitTest.Adapter, Version=10.0.0.0, Culture=neutral, PublicKeyToken=b03f5f7f11d50a3a" className="Commerce.LooseCoupling.OnlineOrderCheckoutShould, Commerce, Version=1.0.0.0, Culture=neutral, PublicKeyToken=null" name="NotFailWithNoItemsNotificationNoCreditCard" />
    </UnitTest>
  </TestDefinitions>
  <TestLists>
    <TestList name="Results Not in a List" id="8c84fa94-04c1-424b-9868-57a2d4851a1d" />
    <TestList name="All Loaded Results" id="19431567-8539-422a-85d7-44ee4e166bda" />
  </TestLists>
  <TestEntries>
    <TestEntry testId="be28b50c-f646-02d5-d38f-096a585e0d9a" executionId="dbe0a170-c103-4b7e-aab1-c2580efd8473" testListId="8c84fa94-04c1-424b-9868-57a2d4851a1d" />
  </TestEntries>
  <Results>
    <UnitTestResult executionId="dbe0a170-c103-4b7e-aab1-c2580efd8473" testId="be28b50c-f646-02d5-d38f-096a585e0d9a" testName="NotFailWithNoItemsNotificationNoCreditCard" computerName="STEVEIBPDESKTOP" duration="00:00:42.8337872" startTime="2010-09-08T22:16:36.5949453-04:00" endTime="2010-09-08T22:17:20.2238515-04:00" testType="13cdc9d9-ddb5-4fa4-a97d-d965ccfc6d4b" outcome="Passed" testListId="8c84fa94-04c1-424b-9868-57a2d4851a1d" relativeResultsDirectory="dbe0a170-c103-4b7e-aab1-c2580efd8473">
    </UnitTestResult>
  </Results>
</TestRun>