<?xml version="1.0" encoding="UTF-8"?>
<TestRun id="776b10eb-846c-4ca4-bf10-5cdff5e238ea" name="Steve@STEVEIBPDESKTOP 2010-08-11 21:35:13" runUser="SteveIBPDesktop\Steve" xmlns="http://microsoft.com/schemas/VisualStudio/TeamTest/2010">
  <TestSettings name="Default Test Settings" id="54147036-b16b-4d6f-a44f-8c2fc5adba4c">
    <Execution>
      <TestTypeSpecific />
      <AgentRule name="Execution Agents">
      </AgentRule>
    </Execution>
    <Deployment runDeploymentRoot="Steve_STEVEIBPDESKTOP 2010-08-11 21_35_13" />
  </TestSettings>
  <Times creation="2010-08-11T21:35:13.2426718-04:00" queuing="2010-08-11T21:35:13.6401328-04:00" start="2010-08-11T21:35:13.8120078-04:00" finish="2010-08-11T21:35:14.0102500-04:00" />
  <ResultSummary outcome="Failed">
    <Counters total="1" executed="1" error="0" failed="1" timeout="0" aborted="0" inconclusive="0" passedButRunAborted="0" notRunnable="0" notExecuted="0" disconnected="0" warning="0" passed="0" completed="0" inProgress="0" pending="0" />
  </ResultSummary>
  <TestDefinitions>
    <UnitTest name="CalculateArea" storage="c:\users\steve\documents\my projects\pluralsight\003 - liskov substitution principle\demo\lsp\testproject1\bin\debug\commerceproject.dll" id="6bc376ca-54e9-eef6-461a-cd3aeac52c62">
      <Execution timeOut="1800000" id="4a8b47d7-e5b8-47aa-91ab-fbd417dbca6b" />
      <TestMethod codeBase="C:/Users/Steve/Documents/My Projects/PluralSight/003 - Liskov Substitution Principle/Demo/LSP/TestProject1/bin/Debug/CommerceProject.DLL" adapterTypeName="Microsoft.VisualStudio.TestTools.TestTypes.Unit.UnitTestAdapter, Microsoft.VisualStudio.QualityTools.Tips.UnitTest.Adapter, Version=10.0.0.0, Culture=neutral, PublicKeyToken=b03f5f7f11d50a3a" className="CommerceProject.LSPTest, CommerceProject, Version=1.0.0.0, Culture=neutral, PublicKeyToken=null" name="CalculateArea" />
    </UnitTest>
  </TestDefinitions>
  <TestLists>
    <TestList name="Results Not in a List" id="8c84fa94-04c1-424b-9868-57a2d4851a1d" />
    <TestList name="All Loaded Results" id="19431567-8539-422a-85d7-44ee4e166bda" />
  </TestLists>
  <TestEntries>
    <TestEntry testId="6bc376ca-54e9-eef6-461a-cd3aeac52c62" executionId="4a8b47d7-e5b8-47aa-91ab-fbd417dbca6b" testListId="8c84fa94-04c1-424b-9868-57a2d4851a1d" />
  </TestEntries>
  <Results>
    <UnitTestResult executionId="4a8b47d7-e5b8-47aa-91ab-fbd417dbca6b" testId="6bc376ca-54e9-eef6-461a-cd3aeac52c62" testName="CalculateArea" computerName="STEVEIBPDESKTOP" duration="00:00:00.0399585" startTime="2010-08-11T21:35:13.8491171-04:00" endTime="2010-08-11T21:35:13.9428671-04:00" testType="13cdc9d9-ddb5-4fa4-a97d-d965ccfc6d4b" outcome="Failed" testListId="8c84fa94-04c1-424b-9868-57a2d4851a1d" relativeResultsDirectory="4a8b47d7-e5b8-47aa-91ab-fbd417dbca6b">
      <Output>
        <ErrorInfo>
          <Message>Assert.AreEqual failed. Expected:&lt;20&gt;. Actual:&lt;25&gt;. </Message>
          <StackTrace>   at CommerceProject.LSPTest.CalculateArea() in C:\Users\Steve\Documents\My Projects\PluralSight\003 - Liskov Substitution Principle\Demo\LSP\TestProject1\LSPTest.cs:line 21
</StackTrace>
        </ErrorInfo>
      </Output>
    </UnitTestResult>
  </Results>
</TestRun>