<?xml version="1.0" encoding="UTF-8"?>
<TestRun id="ac6a06f1-f506-4064-96cd-194f3ea1b617" name="Steve@STEVEIBPDESKTOP 2010-08-11 21:40:36" runUser="SteveIBPDesktop\Steve" xmlns="http://microsoft.com/schemas/VisualStudio/TeamTest/2010">
  <TestSettings name="Default Test Settings" id="cdbe109b-d655-4386-8a21-6193891ef5ad">
    <Execution>
      <TestTypeSpecific />
      <AgentRule name="Execution Agents">
      </AgentRule>
    </Execution>
    <Deployment runDeploymentRoot="Steve_STEVEIBPDESKTOP 2010-08-11 21_40_36" />
  </TestSettings>
  <Times creation="2010-08-11T21:40:36.7153281-04:00" queuing="2010-08-11T21:40:37.1049765-04:00" start="2010-08-11T21:40:37.2641562-04:00" finish="2010-08-11T21:40:37.4790000-04:00" />
  <ResultSummary outcome="Failed">
    <Counters total="1" executed="1" error="0" failed="1" timeout="0" aborted="0" inconclusive="0" passedButRunAborted="0" notRunnable="0" notExecuted="0" disconnected="0" warning="0" passed="0" completed="0" inProgress="0" pending="0" />
  </ResultSummary>
  <TestDefinitions>
    <UnitTest name="SquareBreakage" storage="c:\users\steve\documents\my projects\pluralsight\003 - liskov substitution principle\demo\lsp\testproject1\bin\debug\commerceproject.dll" id="7f81c27b-1c94-727e-5226-c3b687b9f641">
      <Execution timeOut="1800000" id="cf5d147f-b7d6-4ceb-9c10-eb6aa29320e7" />
      <TestMethod codeBase="C:/Users/Steve/Documents/My Projects/PluralSight/003 - Liskov Substitution Principle/Demo/LSP/TestProject1/bin/Debug/CommerceProject.DLL" adapterTypeName="Microsoft.VisualStudio.TestTools.TestTypes.Unit.UnitTestAdapter, Microsoft.VisualStudio.QualityTools.Tips.UnitTest.Adapter, Version=10.0.0.0, Culture=neutral, PublicKeyToken=b03f5f7f11d50a3a" className="CommerceProject.AreaShouldReturn, CommerceProject, Version=1.0.0.0, Culture=neutral, PublicKeyToken=null" name="SquareBreakage" />
    </UnitTest>
  </TestDefinitions>
  <TestLists>
    <TestList name="Results Not in a List" id="8c84fa94-04c1-424b-9868-57a2d4851a1d" />
    <TestList name="All Loaded Results" id="19431567-8539-422a-85d7-44ee4e166bda" />
  </TestLists>
  <TestEntries>
    <TestEntry testId="7f81c27b-1c94-727e-5226-c3b687b9f641" executionId="cf5d147f-b7d6-4ceb-9c10-eb6aa29320e7" testListId="8c84fa94-04c1-424b-9868-57a2d4851a1d" />
  </TestEntries>
  <Results>
    <UnitTestResult executionId="cf5d147f-b7d6-4ceb-9c10-eb6aa29320e7" testId="7f81c27b-1c94-727e-5226-c3b687b9f641" testName="SquareBreakage" computerName="STEVEIBPDESKTOP" duration="00:00:00.0348136" startTime="2010-08-11T21:40:37.3110312-04:00" endTime="2010-08-11T21:40:37.4057578-04:00" testType="13cdc9d9-ddb5-4fa4-a97d-d965ccfc6d4b" outcome="Failed" testListId="8c84fa94-04c1-424b-9868-57a2d4851a1d" relativeResultsDirectory="cf5d147f-b7d6-4ceb-9c10-eb6aa29320e7">
      <Output>
        <ErrorInfo>
          <Message>Assert.AreEqual failed. Expected:&lt;6&gt;. Actual:&lt;4&gt;. </Message>
          <StackTrace>   at CommerceProject.AreaShouldReturn.SquareBreakage() in C:\Users\Steve\Documents\My Projects\PluralSight\003 - Liskov Substitution Principle\Demo\LSP\TestProject1\AreaShouldReturn.cs:line 41
</StackTrace>
        </ErrorInfo>
      </Output>
    </UnitTestResult>
  </Results>
</TestRun>