<?xml version="1.0" encoding="UTF-8"?>
<TestRun id="f4adb754-fd37-4468-b4ff-15697674838f" name="Steve@STEVEIBPDESKTOP 2010-08-11 21:40:13" runUser="SteveIBPDesktop\Steve" xmlns="http://microsoft.com/schemas/VisualStudio/TeamTest/2010">
  <TestSettings name="Default Test Settings" id="48900692-f68c-4509-9534-35f3732c6ae3">
    <Execution>
      <TestTypeSpecific />
      <AgentRule name="Execution Agents">
      </AgentRule>
    </Execution>
    <Deployment runDeploymentRoot="Steve_STEVEIBPDESKTOP 2010-08-11 21_40_13" />
  </TestSettings>
  <Times creation="2010-08-11T21:40:13.4350546-04:00" queuing="2010-08-11T21:40:13.8188437-04:00" start="2010-08-11T21:40:13.9829062-04:00" finish="2010-08-11T21:40:14.1967734-04:00" />
  <ResultSummary outcome="Failed">
    <Counters total="1" executed="1" error="0" failed="1" timeout="0" aborted="0" inconclusive="0" passedButRunAborted="0" notRunnable="0" notExecuted="0" disconnected="0" warning="0" passed="0" completed="0" inProgress="0" pending="0" />
  </ResultSummary>
  <TestDefinitions>
    <UnitTest name="SquareBreakage" storage="c:\users\steve\documents\my projects\pluralsight\003 - liskov substitution principle\demo\lsp\testproject1\bin\debug\commerceproject.dll" id="7f81c27b-1c94-727e-5226-c3b687b9f641">
      <Execution timeOut="1800000" id="d02f2a69-5a12-46bd-b8aa-3fcb4588144d" />
      <TestMethod codeBase="C:/Users/Steve/Documents/My Projects/PluralSight/003 - Liskov Substitution Principle/Demo/LSP/TestProject1/bin/Debug/CommerceProject.DLL" adapterTypeName="Microsoft.VisualStudio.TestTools.TestTypes.Unit.UnitTestAdapter, Microsoft.VisualStudio.QualityTools.Tips.UnitTest.Adapter, Version=10.0.0.0, Culture=neutral, PublicKeyToken=b03f5f7f11d50a3a" className="CommerceProject.AreaShouldReturn, CommerceProject, Version=1.0.0.0, Culture=neutral, PublicKeyToken=null" name="SquareBreakage" />
    </UnitTest>
  </TestDefinitions>
  <TestLists>
    <TestList name="Results Not in a List" id="8c84fa94-04c1-424b-9868-57a2d4851a1d" />
    <TestList name="All Loaded Results" id="19431567-8539-422a-85d7-44ee4e166bda" />
  </TestLists>
  <TestEntries>
    <TestEntry testId="7f81c27b-1c94-727e-5226-c3b687b9f641" executionId="d02f2a69-5a12-46bd-b8aa-3fcb4588144d" testListId="8c84fa94-04c1-424b-9868-57a2d4851a1d" />
  </TestEntries>
  <Results>
    <UnitTestResult executionId="d02f2a69-5a12-46bd-b8aa-3fcb4588144d" testId="7f81c27b-1c94-727e-5226-c3b687b9f641" testName="SquareBreakage" computerName="STEVEIBPDESKTOP" duration="00:00:00.0380705" startTime="2010-08-11T21:40:14.0219687-04:00" endTime="2010-08-11T21:40:14.1157187-04:00" testType="13cdc9d9-ddb5-4fa4-a97d-d965ccfc6d4b" outcome="Failed" testListId="8c84fa94-04c1-424b-9868-57a2d4851a1d" relativeResultsDirectory="d02f2a69-5a12-46bd-b8aa-3fcb4588144d">
      <Output>
        <ErrorInfo>
          <Message>Assert.AreEqual failed. Expected:&lt;6&gt;. Actual:&lt;4&gt;. </Message>
          <StackTrace>   at CommerceProject.AreaShouldReturn.SquareBreakage() in C:\Users\Steve\Documents\My Projects\PluralSight\003 - Liskov Substitution Principle\Demo\LSP\TestProject1\AreaShouldReturn.cs:line 41
</StackTrace>
        </ErrorInfo>
      </Output>
    </UnitTestResult>
  </Results>
</TestRun>