<?xml version="1.0" encoding="UTF-8"?>
<TestRun id="91974595-516d-413c-baaf-74c1edd22c96" name="Steve@STEVEIBPDESKTOP 2010-08-11 21:38:28" runUser="SteveIBPDesktop\Steve" xmlns="http://microsoft.com/schemas/VisualStudio/TeamTest/2010">
  <TestSettings name="Default Test Settings" id="9280f5f5-c291-4293-8a98-a564b41e9e9c">
    <Execution>
      <TestTypeSpecific />
      <AgentRule name="Execution Agents">
      </AgentRule>
    </Execution>
    <Deployment runDeploymentRoot="Steve_STEVEIBPDESKTOP 2010-08-11 21_38_28" />
  </TestSettings>
  <Times creation="2010-08-11T21:38:28.7524375-04:00" queuing="2010-08-11T21:38:29.1391562-04:00" start="2010-08-11T21:38:29.3041953-04:00" finish="2010-08-11T21:38:29.5307578-04:00" />
  <ResultSummary outcome="Failed">
    <Counters total="3" executed="3" passed="2" error="0" failed="1" timeout="0" aborted="0" inconclusive="0" passedButRunAborted="0" notRunnable="0" notExecuted="0" disconnected="0" warning="0" completed="0" inProgress="0" pending="0" />
  </ResultSummary>
  <TestDefinitions>
    <UnitTest name="TwentyFor4X5RectangleFromSquare" storage="c:\users\steve\documents\my projects\pluralsight\003 - liskov substitution principle\demo\lsp\testproject1\bin\debug\commerceproject.dll" id="fcbc422b-6e05-88af-8654-79719e4076a0">
      <Execution timeOut="1800000" id="cd4cc4e6-b106-462a-a8bb-4167fd510345" />
      <TestMethod codeBase="C:/Users/Steve/Documents/My Projects/PluralSight/003 - Liskov Substitution Principle/Demo/LSP/TestProject1/bin/Debug/CommerceProject.DLL" adapterTypeName="Microsoft.VisualStudio.TestTools.TestTypes.Unit.UnitTestAdapter, Microsoft.VisualStudio.QualityTools.Tips.UnitTest.Adapter, Version=10.0.0.0, Culture=neutral, PublicKeyToken=b03f5f7f11d50a3a" className="CommerceProject.AreaShouldReturn, CommerceProject, Version=1.0.0.0, Culture=neutral, PublicKeyToken=null" name="TwentyFor4X5RectangleFromSquare" />
    </UnitTest>
    <UnitTest name="SixFor2X3Rectangle" storage="c:\users\steve\documents\my projects\pluralsight\003 - liskov substitution principle\demo\lsp\testproject1\bin\debug\commerceproject.dll" id="54b0b882-c504-3448-01da-d03702dd2d55">
      <Execution timeOut="1800000" id="ec209470-1fda-4a59-9909-1fd4d7394045" />
      <TestMethod codeBase="C:/Users/Steve/Documents/My Projects/PluralSight/003 - Liskov Substitution Principle/Demo/LSP/TestProject1/bin/Debug/CommerceProject.DLL" adapterTypeName="Microsoft.VisualStudio.TestTools.TestTypes.Unit.UnitTestAdapter, Microsoft.VisualStudio.QualityTools.Tips.UnitTest.Adapter, Version=10.0.0.0, Culture=neutral, PublicKeyToken=b03f5f7f11d50a3a" className="CommerceProject.AreaShouldReturn, CommerceProject, Version=1.0.0.0, Culture=neutral, PublicKeyToken=null" name="SixFor2X3Rectangle" />
    </UnitTest>
    <UnitTest name="NineFor3X3Square" storage="c:\users\steve\documents\my projects\pluralsight\003 - liskov substitution principle\demo\lsp\testproject1\bin\debug\commerceproject.dll" id="7a752810-e647-a4b0-854e-f610f517d0c7">
      <Execution timeOut="1800000" id="371db37d-044f-49ce-bb42-9b85bc396548" />
      <TestMethod codeBase="C:/Users/Steve/Documents/My Projects/PluralSight/003 - Liskov Substitution Principle/Demo/LSP/TestProject1/bin/Debug/CommerceProject.DLL" adapterTypeName="Microsoft.VisualStudio.TestTools.TestTypes.Unit.UnitTestAdapter, Microsoft.VisualStudio.QualityTools.Tips.UnitTest.Adapter, Version=10.0.0.0, Culture=neutral, PublicKeyToken=b03f5f7f11d50a3a" className="CommerceProject.AreaShouldReturn, CommerceProject, Version=1.0.0.0, Culture=neutral, PublicKeyToken=null" name="NineFor3X3Square" />
    </UnitTest>
  </TestDefinitions>
  <TestLists>
    <TestList name="Results Not in a List" id="8c84fa94-04c1-424b-9868-57a2d4851a1d" />
    <TestList name="All Loaded Results" id="19431567-8539-422a-85d7-44ee4e166bda" />
  </TestLists>
  <TestEntries>
    <TestEntry testId="7a752810-e647-a4b0-854e-f610f517d0c7" executionId="371db37d-044f-49ce-bb42-9b85bc396548" testListId="8c84fa94-04c1-424b-9868-57a2d4851a1d" />
    <TestEntry testId="54b0b882-c504-3448-01da-d03702dd2d55" executionId="ec209470-1fda-4a59-9909-1fd4d7394045" testListId="8c84fa94-04c1-424b-9868-57a2d4851a1d" />
    <TestEntry testId="fcbc422b-6e05-88af-8654-79719e4076a0" executionId="cd4cc4e6-b106-462a-a8bb-4167fd510345" testListId="8c84fa94-04c1-424b-9868-57a2d4851a1d" />
  </TestEntries>
  <Results>
    <UnitTestResult executionId="371db37d-044f-49ce-bb42-9b85bc396548" testId="7a752810-e647-a4b0-854e-f610f517d0c7" testName="NineFor3X3Square" computerName="STEVEIBPDESKTOP" duration="00:00:00.0178813" startTime="2010-08-11T21:38:29.3393515-04:00" endTime="2010-08-11T21:38:29.4145468-04:00" testType="13cdc9d9-ddb5-4fa4-a97d-d965ccfc6d4b" outcome="Passed" testListId="8c84fa94-04c1-424b-9868-57a2d4851a1d" relativeResultsDirectory="371db37d-044f-49ce-bb42-9b85bc396548">
    </UnitTestResult>
    <UnitTestResult executionId="ec209470-1fda-4a59-9909-1fd4d7394045" testId="54b0b882-c504-3448-01da-d03702dd2d55" testName="SixFor2X3Rectangle" computerName="STEVEIBPDESKTOP" duration="00:00:00.0008721" startTime="2010-08-11T21:38:29.4174765-04:00" endTime="2010-08-11T21:38:29.4194296-04:00" testType="13cdc9d9-ddb5-4fa4-a97d-d965ccfc6d4b" outcome="Passed" testListId="8c84fa94-04c1-424b-9868-57a2d4851a1d" relativeResultsDirectory="ec209470-1fda-4a59-9909-1fd4d7394045">
    </UnitTestResult>
    <UnitTestResult executionId="cd4cc4e6-b106-462a-a8bb-4167fd510345" testId="fcbc422b-6e05-88af-8654-79719e4076a0" testName="TwentyFor4X5RectangleFromSquare" computerName="STEVEIBPDESKTOP" duration="00:00:00.0226295" startTime="2010-08-11T21:38:29.4321250-04:00" endTime="2010-08-11T21:38:29.4555625-04:00" testType="13cdc9d9-ddb5-4fa4-a97d-d965ccfc6d4b" outcome="Failed" testListId="8c84fa94-04c1-424b-9868-57a2d4851a1d" relativeResultsDirectory="cd4cc4e6-b106-462a-a8bb-4167fd510345">
      <Output>
        <ErrorInfo>
          <Message>Assert.AreEqual failed. Expected:&lt;20&gt;. Actual:&lt;25&gt;. </Message>
          <StackTrace>   at CommerceProject.AreaShouldReturn.TwentyFor4X5RectangleFromSquare() in C:\Users\Steve\Documents\My Projects\PluralSight\003 - Liskov Substitution Principle\Demo\LSP\TestProject1\LSPTest.cs:line 31
</StackTrace>
        </ErrorInfo>
      </Output>
    </UnitTestResult>
  </Results>
</TestRun>