<?xml version="1.0" encoding="UTF-8"?>
<TestRun id="6c267ed2-be4d-42e6-b3e1-636a7dfb42d4" name="Steve@STEVEIBPDESKTOP 2010-08-11 21:42:35" runUser="SteveIBPDesktop\Steve" xmlns="http://microsoft.com/schemas/VisualStudio/TeamTest/2010">
  <TestSettings name="Default Test Settings" id="f754d1da-97c4-4605-9052-1f0897115f72">
    <Execution>
      <TestTypeSpecific />
      <AgentRule name="Execution Agents">
      </AgentRule>
    </Execution>
    <Deployment runDeploymentRoot="Steve_STEVEIBPDESKTOP 2010-08-11 21_42_35" />
  </TestSettings>
  <Times creation="2010-08-11T21:42:35.1967734-04:00" queuing="2010-08-11T21:42:35.5834921-04:00" start="2010-08-11T21:42:35.7524375-04:00" finish="2010-08-11T21:42:35.9653281-04:00" />
  <ResultSummary outcome="Failed">
    <Counters total="3" executed="3" passed="2" error="0" failed="1" timeout="0" aborted="0" inconclusive="0" passedButRunAborted="0" notRunnable="0" notExecuted="0" disconnected="0" warning="0" completed="0" inProgress="0" pending="0" />
  </ResultSummary>
  <TestDefinitions>
    <UnitTest name="TwentyFor4X5RectangleFromSquare" storage="c:\users\steve\documents\my projects\pluralsight\003 - liskov substitution principle\demo\lsp\testproject1\bin\debug\commerceproject.dll" id="fcbc422b-6e05-88af-8654-79719e4076a0">
      <Execution timeOut="1800000" id="31eacb0a-e46a-4499-aaa4-b9a6bf141ffb" />
      <TestMethod codeBase="C:/Users/Steve/Documents/My Projects/PluralSight/003 - Liskov Substitution Principle/Demo/LSP/TestProject1/bin/Debug/CommerceProject.DLL" adapterTypeName="Microsoft.VisualStudio.TestTools.TestTypes.Unit.UnitTestAdapter, Microsoft.VisualStudio.QualityTools.Tips.UnitTest.Adapter, Version=10.0.0.0, Culture=neutral, PublicKeyToken=b03f5f7f11d50a3a" className="CommerceProject.AreaShouldReturn, CommerceProject, Version=1.0.0.0, Culture=neutral, PublicKeyToken=null" name="TwentyFor4X5RectangleFromSquare" />
    </UnitTest>
    <UnitTest name="SixFor2X3Rectangle" storage="c:\users\steve\documents\my projects\pluralsight\003 - liskov substitution principle\demo\lsp\testproject1\bin\debug\commerceproject.dll" id="54b0b882-c504-3448-01da-d03702dd2d55">
      <Execution timeOut="1800000" id="150199fd-c1f4-4124-9f51-624e7dfa8c7e" />
      <TestMethod codeBase="C:/Users/Steve/Documents/My Projects/PluralSight/003 - Liskov Substitution Principle/Demo/LSP/TestProject1/bin/Debug/CommerceProject.DLL" adapterTypeName="Microsoft.VisualStudio.TestTools.TestTypes.Unit.UnitTestAdapter, Microsoft.VisualStudio.QualityTools.Tips.UnitTest.Adapter, Version=10.0.0.0, Culture=neutral, PublicKeyToken=b03f5f7f11d50a3a" className="CommerceProject.AreaShouldReturn, CommerceProject, Version=1.0.0.0, Culture=neutral, PublicKeyToken=null" name="SixFor2X3Rectangle" />
    </UnitTest>
    <UnitTest name="NineFor3X3Square" storage="c:\users\steve\documents\my projects\pluralsight\003 - liskov substitution principle\demo\lsp\testproject1\bin\debug\commerceproject.dll" id="7a752810-e647-a4b0-854e-f610f517d0c7">
      <Execution timeOut="1800000" id="af4d11b7-8c10-4e5f-8968-10a5448386ec" />
      <TestMethod codeBase="C:/Users/Steve/Documents/My Projects/PluralSight/003 - Liskov Substitution Principle/Demo/LSP/TestProject1/bin/Debug/CommerceProject.DLL" adapterTypeName="Microsoft.VisualStudio.TestTools.TestTypes.Unit.UnitTestAdapter, Microsoft.VisualStudio.QualityTools.Tips.UnitTest.Adapter, Version=10.0.0.0, Culture=neutral, PublicKeyToken=b03f5f7f11d50a3a" className="CommerceProject.AreaShouldReturn, CommerceProject, Version=1.0.0.0, Culture=neutral, PublicKeyToken=null" name="NineFor3X3Square" />
    </UnitTest>
  </TestDefinitions>
  <TestLists>
    <TestList name="Results Not in a List" id="8c84fa94-04c1-424b-9868-57a2d4851a1d" />
    <TestList name="All Loaded Results" id="19431567-8539-422a-85d7-44ee4e166bda" />
  </TestLists>
  <TestEntries>
    <TestEntry testId="7a752810-e647-a4b0-854e-f610f517d0c7" executionId="af4d11b7-8c10-4e5f-8968-10a5448386ec" testListId="8c84fa94-04c1-424b-9868-57a2d4851a1d" />
    <TestEntry testId="54b0b882-c504-3448-01da-d03702dd2d55" executionId="150199fd-c1f4-4124-9f51-624e7dfa8c7e" testListId="8c84fa94-04c1-424b-9868-57a2d4851a1d" />
    <TestEntry testId="fcbc422b-6e05-88af-8654-79719e4076a0" executionId="31eacb0a-e46a-4499-aaa4-b9a6bf141ffb" testListId="8c84fa94-04c1-424b-9868-57a2d4851a1d" />
  </TestEntries>
  <Results>
    <UnitTestResult executionId="af4d11b7-8c10-4e5f-8968-10a5448386ec" testId="7a752810-e647-a4b0-854e-f610f517d0c7" testName="NineFor3X3Square" computerName="STEVEIBPDESKTOP" duration="00:00:00.0136997" startTime="2010-08-11T21:42:35.7885703-04:00" endTime="2010-08-11T21:42:35.8559531-04:00" testType="13cdc9d9-ddb5-4fa4-a97d-d965ccfc6d4b" outcome="Passed" testListId="8c84fa94-04c1-424b-9868-57a2d4851a1d" relativeResultsDirectory="af4d11b7-8c10-4e5f-8968-10a5448386ec">
    </UnitTestResult>
    <UnitTestResult executionId="150199fd-c1f4-4124-9f51-624e7dfa8c7e" testId="54b0b882-c504-3448-01da-d03702dd2d55" testName="SixFor2X3Rectangle" computerName="STEVEIBPDESKTOP" duration="00:00:00.0006890" startTime="2010-08-11T21:42:35.8588828-04:00" endTime="2010-08-11T21:42:35.8598593-04:00" testType="13cdc9d9-ddb5-4fa4-a97d-d965ccfc6d4b" outcome="Passed" testListId="8c84fa94-04c1-424b-9868-57a2d4851a1d" relativeResultsDirectory="150199fd-c1f4-4124-9f51-624e7dfa8c7e">
    </UnitTestResult>
    <UnitTestResult executionId="31eacb0a-e46a-4499-aaa4-b9a6bf141ffb" testId="fcbc422b-6e05-88af-8654-79719e4076a0" testName="TwentyFor4X5RectangleFromSquare" computerName="STEVEIBPDESKTOP" duration="00:00:00.0295533" startTime="2010-08-11T21:42:35.8618125-04:00" endTime="2010-08-11T21:42:35.8930625-04:00" testType="13cdc9d9-ddb5-4fa4-a97d-d965ccfc6d4b" outcome="Failed" testListId="8c84fa94-04c1-424b-9868-57a2d4851a1d" relativeResultsDirectory="31eacb0a-e46a-4499-aaa4-b9a6bf141ffb">
      <Output>
        <ErrorInfo>
          <Message>Assert.AreEqual failed. Expected:&lt;20&gt;. Actual:&lt;25&gt;. </Message>
          <StackTrace>   at CommerceProject.AreaShouldReturn.TwentyFor4X5RectangleFromSquare() in C:\Users\Steve\Documents\My Projects\PluralSight\003 - Liskov Substitution Principle\Demo\LSP\TestProject1\AreaShouldReturn.cs:line 28
</StackTrace>
        </ErrorInfo>
      </Output>
    </UnitTestResult>
  </Results>
</TestRun>