<?xml version="1.0" encoding="UTF-8"?>
<TestRun id="ed4b6ace-8d2f-4283-a864-1272783a8587" name="Steve@STEVEIBPDESKTOP 2010-08-11 22:16:33" runUser="SteveIBPDesktop\Steve" xmlns="http://microsoft.com/schemas/VisualStudio/TeamTest/2010">
  <TestSettings name="Default Test Settings" id="ea043c36-681a-47e1-84b7-e27b93e6f2d2">
    <Execution>
      <TestTypeSpecific />
      <AgentRule name="Execution Agents">
      </AgentRule>
    </Execution>
    <Deployment runDeploymentRoot="Steve_STEVEIBPDESKTOP 2010-08-11 22_16_33" />
  </TestSettings>
  <Times creation="2010-08-11T22:16:33.9057578-04:00" queuing="2010-08-11T22:16:33.9467734-04:00" start="2010-08-11T22:16:33.9526328-04:00" finish="2010-08-11T22:16:34.1694296-04:00" />
  <ResultSummary outcome="Completed">
    <Counters total="1" executed="1" passed="1" error="0" failed="0" timeout="0" aborted="0" inconclusive="0" passedButRunAborted="0" notRunnable="0" notExecuted="0" disconnected="0" warning="0" completed="0" inProgress="0" pending="0" />
  </ResultSummary>
  <TestDefinitions>
    <UnitTest name="SixFor2X3Rectangle" storage="c:\users\steve\documents\my projects\pluralsight\003 - liskov substitution principle\demo\lsp\testproject1\bin\debug\shapetests.dll" id="a40e904b-ad50-aa18-df08-ed84735eb0e4">
      <Execution id="eaf06a49-161c-4741-a7e1-5caaa21b9a3a" />
      <TestMethod codeBase="C:/Users/Steve/Documents/My Projects/PluralSight/003 - Liskov Substitution Principle/Demo/LSP/TestProject1/bin/Debug/ShapeTests.DLL" adapterTypeName="Microsoft.VisualStudio.TestTools.TestTypes.Unit.UnitTestAdapter, Microsoft.VisualStudio.QualityTools.Tips.UnitTest.Adapter, Version=10.0.0.0, Culture=neutral, PublicKeyToken=b03f5f7f11d50a3a" className="ShapeTests.CalculateAreaShouldReturn, ShapeTests, Version=1.0.0.0, Culture=neutral, PublicKeyToken=null" name="SixFor2X3Rectangle" />
    </UnitTest>
  </TestDefinitions>
  <TestLists>
    <TestList name="Results Not in a List" id="8c84fa94-04c1-424b-9868-57a2d4851a1d" />
    <TestList name="All Loaded Results" id="19431567-8539-422a-85d7-44ee4e166bda" />
  </TestLists>
  <TestEntries>
    <TestEntry testId="a40e904b-ad50-aa18-df08-ed84735eb0e4" executionId="eaf06a49-161c-4741-a7e1-5caaa21b9a3a" testListId="8c84fa94-04c1-424b-9868-57a2d4851a1d" />
  </TestEntries>
  <Results>
    <UnitTestResult executionId="eaf06a49-161c-4741-a7e1-5caaa21b9a3a" testId="a40e904b-ad50-aa18-df08-ed84735eb0e4" testName="SixFor2X3Rectangle" computerName="STEVEIBPDESKTOP" duration="00:00:00.0114425" startTime="2010-08-11T22:16:33.9545859-04:00" endTime="2010-08-11T22:16:34.1547812-04:00" testType="13cdc9d9-ddb5-4fa4-a97d-d965ccfc6d4b" outcome="Passed" testListId="8c84fa94-04c1-424b-9868-57a2d4851a1d" relativeResultsDirectory="eaf06a49-161c-4741-a7e1-5caaa21b9a3a">
    </UnitTestResult>
  </Results>
</TestRun>