<?xml version="1.0" encoding="UTF-8"?>
<TestRun id="79f82f32-5d5e-4729-a025-ed3880266d73" name="Steve@STEVEIBPDESKTOP 2010-08-11 22:25:54" runUser="SteveIBPDesktop\Steve" xmlns="http://microsoft.com/schemas/VisualStudio/TeamTest/2010">
  <TestSettings name="Default Test Settings" id="8f8703e1-a876-467f-a21d-098b71fc369a">
    <Execution>
      <TestTypeSpecific />
      <AgentRule name="Execution Agents">
      </AgentRule>
    </Execution>
    <Deployment runDeploymentRoot="Steve_STEVEIBPDESKTOP 2010-08-11 22_25_54" />
  </TestSettings>
  <Times creation="2010-08-11T22:25:54.3276328-04:00" queuing="2010-08-11T22:25:54.3686484-04:00" start="2010-08-11T22:25:54.3774375-04:00" finish="2010-08-11T22:25:54.6909140-04:00" />
  <ResultSummary outcome="Completed">
    <Counters total="3" executed="3" passed="3" error="0" failed="0" timeout="0" aborted="0" inconclusive="0" passedButRunAborted="0" notRunnable="0" notExecuted="0" disconnected="0" warning="0" completed="0" inProgress="0" pending="0" />
  </ResultSummary>
  <TestDefinitions>
    <UnitTest name="NineFor3X3Square" storage="c:\users\steve\documents\my projects\pluralsight\003 - liskov substitution principle\demo\lsp\testproject1\bin\debug\shapetests.dll" id="d20fefef-00f4-aa89-11bc-e95cd1d09be9">
      <Execution id="7eb7053a-dab9-4e1c-8e70-abe4f336550a" />
      <TestMethod codeBase="C:/Users/Steve/Documents/My Projects/PluralSight/003 - Liskov Substitution Principle/Demo/LSP/TestProject1/bin/Debug/ShapeTests.DLL" adapterTypeName="Microsoft.VisualStudio.TestTools.TestTypes.Unit.UnitTestAdapter, Microsoft.VisualStudio.QualityTools.Tips.UnitTest.Adapter, Version=10.0.0.0, Culture=neutral, PublicKeyToken=b03f5f7f11d50a3a" className="ShapeTests.NoInherit, ShapeTests, Version=1.0.0.0, Culture=neutral, PublicKeyToken=null" name="NineFor3X3Square" />
    </UnitTest>
    <UnitTest name="TwentyFor4X5ShapeFromRectangle" storage="c:\users\steve\documents\my projects\pluralsight\003 - liskov substitution principle\demo\lsp\testproject1\bin\debug\shapetests.dll" id="2e0a47f5-7d0d-f938-e8ba-aa1e3a794f74">
      <Execution id="a5f908b0-f0aa-40d8-9da4-e28c5afe8f0b" />
      <TestMethod codeBase="C:/Users/Steve/Documents/My Projects/PluralSight/003 - Liskov Substitution Principle/Demo/LSP/TestProject1/bin/Debug/ShapeTests.DLL" adapterTypeName="Microsoft.VisualStudio.TestTools.TestTypes.Unit.UnitTestAdapter, Microsoft.VisualStudio.QualityTools.Tips.UnitTest.Adapter, Version=10.0.0.0, Culture=neutral, PublicKeyToken=b03f5f7f11d50a3a" className="ShapeTests.NoInherit, ShapeTests, Version=1.0.0.0, Culture=neutral, PublicKeyToken=null" name="TwentyFor4X5ShapeFromRectangle" />
    </UnitTest>
    <UnitTest name="SixFor2X3Rectangle" storage="c:\users\steve\documents\my projects\pluralsight\003 - liskov substitution principle\demo\lsp\testproject1\bin\debug\shapetests.dll" id="ba5613a9-ee23-08a7-2e52-f8ba0ec9864b">
      <Execution id="1b7f0b6e-af23-45d6-b111-b028ddc4b191" />
      <TestMethod codeBase="C:/Users/Steve/Documents/My Projects/PluralSight/003 - Liskov Substitution Principle/Demo/LSP/TestProject1/bin/Debug/ShapeTests.DLL" adapterTypeName="Microsoft.VisualStudio.TestTools.TestTypes.Unit.UnitTestAdapter, Microsoft.VisualStudio.QualityTools.Tips.UnitTest.Adapter, Version=10.0.0.0, Culture=neutral, PublicKeyToken=b03f5f7f11d50a3a" className="ShapeTests.NoInherit, ShapeTests, Version=1.0.0.0, Culture=neutral, PublicKeyToken=null" name="SixFor2X3Rectangle" />
    </UnitTest>
  </TestDefinitions>
  <TestLists>
    <TestList name="Results Not in a List" id="8c84fa94-04c1-424b-9868-57a2d4851a1d" />
    <TestList name="All Loaded Results" id="19431567-8539-422a-85d7-44ee4e166bda" />
  </TestLists>
  <TestEntries>
    <TestEntry testId="2e0a47f5-7d0d-f938-e8ba-aa1e3a794f74" executionId="a5f908b0-f0aa-40d8-9da4-e28c5afe8f0b" testListId="8c84fa94-04c1-424b-9868-57a2d4851a1d" />
    <TestEntry testId="ba5613a9-ee23-08a7-2e52-f8ba0ec9864b" executionId="1b7f0b6e-af23-45d6-b111-b028ddc4b191" testListId="8c84fa94-04c1-424b-9868-57a2d4851a1d" />
    <TestEntry testId="d20fefef-00f4-aa89-11bc-e95cd1d09be9" executionId="7eb7053a-dab9-4e1c-8e70-abe4f336550a" testListId="8c84fa94-04c1-424b-9868-57a2d4851a1d" />
  </TestEntries>
  <Results>
    <UnitTestResult executionId="a5f908b0-f0aa-40d8-9da4-e28c5afe8f0b" testId="2e0a47f5-7d0d-f938-e8ba-aa1e3a794f74" testName="TwentyFor4X5ShapeFromRectangle" computerName="STEVEIBPDESKTOP" duration="00:00:00.0145738" startTime="2010-08-11T22:25:54.3862265-04:00" endTime="2010-08-11T22:25:54.6235312-04:00" testType="13cdc9d9-ddb5-4fa4-a97d-d965ccfc6d4b" outcome="Passed" testListId="8c84fa94-04c1-424b-9868-57a2d4851a1d" relativeResultsDirectory="a5f908b0-f0aa-40d8-9da4-e28c5afe8f0b">
    </UnitTestResult>
    <UnitTestResult executionId="1b7f0b6e-af23-45d6-b111-b028ddc4b191" testId="ba5613a9-ee23-08a7-2e52-f8ba0ec9864b" testName="SixFor2X3Rectangle" computerName="STEVEIBPDESKTOP" duration="00:00:00.0002378" startTime="2010-08-11T22:25:54.6245078-04:00" endTime="2010-08-11T22:25:54.6303671-04:00" testType="13cdc9d9-ddb5-4fa4-a97d-d965ccfc6d4b" outcome="Passed" testListId="8c84fa94-04c1-424b-9868-57a2d4851a1d" relativeResultsDirectory="1b7f0b6e-af23-45d6-b111-b028ddc4b191">
    </UnitTestResult>
    <UnitTestResult executionId="7eb7053a-dab9-4e1c-8e70-abe4f336550a" testId="d20fefef-00f4-aa89-11bc-e95cd1d09be9" testName="NineFor3X3Square" computerName="STEVEIBPDESKTOP" duration="00:00:00.0002390" startTime="2010-08-11T22:25:54.6313437-04:00" endTime="2010-08-11T22:25:54.6362265-04:00" testType="13cdc9d9-ddb5-4fa4-a97d-d965ccfc6d4b" outcome="Passed" testListId="8c84fa94-04c1-424b-9868-57a2d4851a1d" relativeResultsDirectory="7eb7053a-dab9-4e1c-8e70-abe4f336550a">
    </UnitTestResult>
  </Results>
</TestRun>