<?xml version="1.0" encoding="UTF-8"?>
<TestRun id="7c3cb206-2add-4f4a-a408-6842f34c2ca9" name="Steve@STEVEIBPDESKTOP 2010-08-11 22:43:55" runUser="SteveIBPDesktop\Steve" xmlns="http://microsoft.com/schemas/VisualStudio/TeamTest/2010">
  <TestSettings name="Default Test Settings" id="032cfe08-d2e3-4964-b4be-1afb14b681c8">
    <Execution>
      <TestTypeSpecific />
      <AgentRule name="Execution Agents">
      </AgentRule>
    </Execution>
    <Deployment runDeploymentRoot="Steve_STEVEIBPDESKTOP 2010-08-11 22_43_55" />
  </TestSettings>
  <Times creation="2010-08-11T22:43:55.7338828-04:00" queuing="2010-08-11T22:43:55.7875937-04:00" start="2010-08-11T22:43:55.7954062-04:00" finish="2010-08-11T22:43:56.1743125-04:00" />
  <ResultSummary outcome="Failed">
    <Counters total="1" executed="1" error="0" failed="1" timeout="0" aborted="0" inconclusive="0" passedButRunAborted="0" notRunnable="0" notExecuted="0" disconnected="0" warning="0" passed="0" completed="0" inProgress="0" pending="0" />
  </ResultSummary>
  <TestDefinitions>
    <UnitTest name="TwentyFor4X5RectangleFromSquare" storage="c:\users\steve\documents\my projects\pluralsight\003 - liskov substitution principle\demo\lsp\testproject1\bin\debug\shapetests.dll" id="d04a953c-7303-2731-99ee-89ab8dc6ad80">
      <Execution id="ba1bc8cb-b229-4c58-9d81-8e965c608504" />
      <TestMethod codeBase="C:/Users/Steve/Documents/My Projects/PluralSight/003 - Liskov Substitution Principle/Demo/LSP/TestProject1/bin/Debug/ShapeTests.DLL" adapterTypeName="Microsoft.VisualStudio.TestTools.TestTypes.Unit.UnitTestAdapter, Microsoft.VisualStudio.QualityTools.Tips.UnitTest.Adapter, Version=10.0.0.0, Culture=neutral, PublicKeyToken=b03f5f7f11d50a3a" className="ShapeTests.CalculateAreaShouldReturn, ShapeTests, Version=1.0.0.0, Culture=neutral, PublicKeyToken=null" name="TwentyFor4X5RectangleFromSquare" />
    </UnitTest>
  </TestDefinitions>
  <TestLists>
    <TestList name="Results Not in a List" id="8c84fa94-04c1-424b-9868-57a2d4851a1d" />
    <TestList name="All Loaded Results" id="19431567-8539-422a-85d7-44ee4e166bda" />
  </TestLists>
  <TestEntries>
    <TestEntry testId="d04a953c-7303-2731-99ee-89ab8dc6ad80" executionId="ba1bc8cb-b229-4c58-9d81-8e965c608504" testListId="8c84fa94-04c1-424b-9868-57a2d4851a1d" />
  </TestEntries>
  <Results>
    <UnitTestResult executionId="ba1bc8cb-b229-4c58-9d81-8e965c608504" testId="d04a953c-7303-2731-99ee-89ab8dc6ad80" testName="TwentyFor4X5RectangleFromSquare" computerName="STEVEIBPDESKTOP" duration="00:00:00.0230179" startTime="2010-08-11T22:43:55.8071250-04:00" endTime="2010-08-11T22:43:56.0258750-04:00" testType="13cdc9d9-ddb5-4fa4-a97d-d965ccfc6d4b" outcome="Failed" testListId="8c84fa94-04c1-424b-9868-57a2d4851a1d" relativeResultsDirectory="ba1bc8cb-b229-4c58-9d81-8e965c608504">
      <Output>
        <ErrorInfo>
          <Message>Assert.AreEqual failed. Expected:&lt;20&gt;. Actual:&lt;25&gt;. </Message>
          <StackTrace>   at ShapeTests.CalculateAreaShouldReturn.TwentyFor4X5RectangleFromSquare() in C:\Users\Steve\Documents\My Projects\PluralSight\003 - Liskov Substitution Principle\Demo\LSP\TestProject1\CalculateAreaShouldReturn.cs:line 28
</StackTrace>
        </ErrorInfo>
      </Output>
    </UnitTestResult>
  </Results>
</TestRun>