<?xml version="1.0" encoding="UTF-8"?>
<TestRun id="541ac267-c30c-4ac7-8809-3761f66d8a4a" name="Steve@STEVEIBPDESKTOP 2010-07-26 22:44:13" runUser="SteveIBPDesktop\Steve" xmlns="http://microsoft.com/schemas/VisualStudio/TeamTest/2010">
  <TestSettings name="Default Test Settings" id="8ac72f55-8a8d-4a4a-a918-7a29dce87bbe">
    <Execution>
      <TestTypeSpecific />
      <AgentRule name="Execution Agents">
      </AgentRule>
    </Execution>
    <Deployment runDeploymentRoot="Steve_STEVEIBPDESKTOP 2010-07-26 22_44_13" />
  </TestSettings>
  <Times creation="2010-07-26T22:44:13.9184531-04:00" queuing="2010-07-26T22:44:13.9643515-04:00" start="2010-07-26T22:44:13.9790000-04:00" finish="2010-07-26T22:44:14.2895468-04:00" />
  <ResultSummary outcome="Completed">
    <Counters total="5" executed="5" passed="5" error="0" failed="0" timeout="0" aborted="0" inconclusive="0" passedButRunAborted="0" notRunnable="0" notExecuted="0" disconnected="0" warning="0" completed="0" inProgress="0" pending="0" />
  </ResultSummary>
  <TestDefinitions>
    <UnitTest name="TwoDollarsWithSixSpecialItem" storage="c:\users\steve\documents\my projects\pluralsight\002 - open closed principle\demo\ocp\testproject1\bin\debug\commerceproject.dll" id="639ab4a9-4933-f723-4206-a4b708a5ee7d">
      <Execution id="4f3c2efc-9a76-43d6-95ec-32cc06b11529" />
      <TestMethod codeBase="C:/Users/Steve/Documents/My Projects/PluralSight/002 - Open Closed Principle/Demo/OCP/TestProject1/bin/Debug/CommerceProject.DLL" adapterTypeName="Microsoft.VisualStudio.TestTools.TestTypes.Unit.UnitTestAdapter, Microsoft.VisualStudio.QualityTools.Tips.UnitTest.Adapter, Version=10.0.0.0, Culture=neutral, PublicKeyToken=b03f5f7f11d50a3a" className="CommerceProject.CartTotalShouldReturn, CommerceProject, Version=1.0.0.0, Culture=neutral, PublicKeyToken=null" name="TwoDollarsWithSixSpecialItem" />
    </UnitTest>
    <UnitTest name="ZeroWhenEmpty" storage="c:\users\steve\documents\my projects\pluralsight\002 - open closed principle\demo\ocp\testproject1\bin\debug\commerceproject.dll" id="c018f654-f072-5a28-9b03-624324ed25c2">
      <Execution id="ea6a9b41-82ad-4249-9931-60364b078d38" />
      <TestMethod codeBase="C:/Users/Steve/Documents/My Projects/PluralSight/002 - Open Closed Principle/Demo/OCP/TestProject1/bin/Debug/CommerceProject.DLL" adapterTypeName="Microsoft.VisualStudio.TestTools.TestTypes.Unit.UnitTestAdapter, Microsoft.VisualStudio.QualityTools.Tips.UnitTest.Adapter, Version=10.0.0.0, Culture=neutral, PublicKeyToken=b03f5f7f11d50a3a" className="CommerceProject.CartTotalShouldReturn, CommerceProject, Version=1.0.0.0, Culture=neutral, PublicKeyToken=null" name="ZeroWhenEmpty" />
    </UnitTest>
    <UnitTest name="EightyCentsWithTwoSpecialItem" storage="c:\users\steve\documents\my projects\pluralsight\002 - open closed principle\demo\ocp\testproject1\bin\debug\commerceproject.dll" id="1f22e663-811f-12e0-f931-8157c1d6fe47">
      <Execution id="ecb5ef9a-2f16-447e-a243-bdd7570a2acc" />
      <TestMethod codeBase="C:/Users/Steve/Documents/My Projects/PluralSight/002 - Open Closed Principle/Demo/OCP/TestProject1/bin/Debug/CommerceProject.DLL" adapterTypeName="Microsoft.VisualStudio.TestTools.TestTypes.Unit.UnitTestAdapter, Microsoft.VisualStudio.QualityTools.Tips.UnitTest.Adapter, Version=10.0.0.0, Culture=neutral, PublicKeyToken=b03f5f7f11d50a3a" className="CommerceProject.CartTotalShouldReturn, CommerceProject, Version=1.0.0.0, Culture=neutral, PublicKeyToken=null" name="EightyCentsWithTwoSpecialItem" />
    </UnitTest>
    <UnitTest name="FiveWithOneEachItem" storage="c:\users\steve\documents\my projects\pluralsight\002 - open closed principle\demo\ocp\testproject1\bin\debug\commerceproject.dll" id="7d829c88-f649-0b2b-285a-7f018d897da0">
      <Execution id="533f66eb-8442-4e2d-bbc4-56b5e3030d6f" />
      <TestMethod codeBase="C:/Users/Steve/Documents/My Projects/PluralSight/002 - Open Closed Principle/Demo/OCP/TestProject1/bin/Debug/CommerceProject.DLL" adapterTypeName="Microsoft.VisualStudio.TestTools.TestTypes.Unit.UnitTestAdapter, Microsoft.VisualStudio.QualityTools.Tips.UnitTest.Adapter, Version=10.0.0.0, Culture=neutral, PublicKeyToken=b03f5f7f11d50a3a" className="CommerceProject.CartTotalShouldReturn, CommerceProject, Version=1.0.0.0, Culture=neutral, PublicKeyToken=null" name="FiveWithOneEachItem" />
    </UnitTest>
    <UnitTest name="TwoWithHalfKiloWeightItem" storage="c:\users\steve\documents\my projects\pluralsight\002 - open closed principle\demo\ocp\testproject1\bin\debug\commerceproject.dll" id="2b0865e2-2362-aae4-fae3-d17616115b15">
      <Execution id="1c7e3a82-2c96-4b0c-b4e2-7d24b4bc4164" />
      <TestMethod codeBase="C:/Users/Steve/Documents/My Projects/PluralSight/002 - Open Closed Principle/Demo/OCP/TestProject1/bin/Debug/CommerceProject.DLL" adapterTypeName="Microsoft.VisualStudio.TestTools.TestTypes.Unit.UnitTestAdapter, Microsoft.VisualStudio.QualityTools.Tips.UnitTest.Adapter, Version=10.0.0.0, Culture=neutral, PublicKeyToken=b03f5f7f11d50a3a" className="CommerceProject.CartTotalShouldReturn, CommerceProject, Version=1.0.0.0, Culture=neutral, PublicKeyToken=null" name="TwoWithHalfKiloWeightItem" />
    </UnitTest>
  </TestDefinitions>
  <TestLists>
    <TestList name="Results Not in a List" id="8c84fa94-04c1-424b-9868-57a2d4851a1d" />
    <TestList name="All Loaded Results" id="19431567-8539-422a-85d7-44ee4e166bda" />
  </TestLists>
  <TestEntries>
    <TestEntry testId="1f22e663-811f-12e0-f931-8157c1d6fe47" executionId="ecb5ef9a-2f16-447e-a243-bdd7570a2acc" testListId="8c84fa94-04c1-424b-9868-57a2d4851a1d" />
    <TestEntry testId="2b0865e2-2362-aae4-fae3-d17616115b15" executionId="1c7e3a82-2c96-4b0c-b4e2-7d24b4bc4164" testListId="8c84fa94-04c1-424b-9868-57a2d4851a1d" />
    <TestEntry testId="639ab4a9-4933-f723-4206-a4b708a5ee7d" executionId="4f3c2efc-9a76-43d6-95ec-32cc06b11529" testListId="8c84fa94-04c1-424b-9868-57a2d4851a1d" />
    <TestEntry testId="7d829c88-f649-0b2b-285a-7f018d897da0" executionId="533f66eb-8442-4e2d-bbc4-56b5e3030d6f" testListId="8c84fa94-04c1-424b-9868-57a2d4851a1d" />
    <TestEntry testId="c018f654-f072-5a28-9b03-624324ed25c2" executionId="ea6a9b41-82ad-4249-9931-60364b078d38" testListId="8c84fa94-04c1-424b-9868-57a2d4851a1d" />
  </TestEntries>
  <Results>
    <UnitTestResult executionId="ecb5ef9a-2f16-447e-a243-bdd7570a2acc" testId="1f22e663-811f-12e0-f931-8157c1d6fe47" testName="EightyCentsWithTwoSpecialItem" computerName="STEVEIBPDESKTOP" duration="00:00:00.0127341" startTime="2010-07-26T22:44:13.9838828-04:00" endTime="2010-07-26T22:44:14.2465781-04:00" testType="13cdc9d9-ddb5-4fa4-a97d-d965ccfc6d4b" outcome="Passed" testListId="8c84fa94-04c1-424b-9868-57a2d4851a1d" relativeResultsDirectory="ecb5ef9a-2f16-447e-a243-bdd7570a2acc">
    </UnitTestResult>
    <UnitTestResult executionId="1c7e3a82-2c96-4b0c-b4e2-7d24b4bc4164" testId="2b0865e2-2362-aae4-fae3-d17616115b15" testName="TwoWithHalfKiloWeightItem" computerName="STEVEIBPDESKTOP" duration="00:00:00.0002482" startTime="2010-07-26T22:44:14.2465781-04:00" endTime="2010-07-26T22:44:14.2504843-04:00" testType="13cdc9d9-ddb5-4fa4-a97d-d965ccfc6d4b" outcome="Passed" testListId="8c84fa94-04c1-424b-9868-57a2d4851a1d" relativeResultsDirectory="1c7e3a82-2c96-4b0c-b4e2-7d24b4bc4164">
    </UnitTestResult>
    <UnitTestResult executionId="4f3c2efc-9a76-43d6-95ec-32cc06b11529" testId="639ab4a9-4933-f723-4206-a4b708a5ee7d" testName="TwoDollarsWithSixSpecialItem" computerName="STEVEIBPDESKTOP" duration="00:00:00.0002367" startTime="2010-07-26T22:44:14.2514609-04:00" endTime="2010-07-26T22:44:14.2553671-04:00" testType="13cdc9d9-ddb5-4fa4-a97d-d965ccfc6d4b" outcome="Passed" testListId="8c84fa94-04c1-424b-9868-57a2d4851a1d" relativeResultsDirectory="4f3c2efc-9a76-43d6-95ec-32cc06b11529">
    </UnitTestResult>
    <UnitTestResult executionId="533f66eb-8442-4e2d-bbc4-56b5e3030d6f" testId="7d829c88-f649-0b2b-285a-7f018d897da0" testName="FiveWithOneEachItem" computerName="STEVEIBPDESKTOP" duration="00:00:00.0002363" startTime="2010-07-26T22:44:14.2553671-04:00" endTime="2010-07-26T22:44:14.2602500-04:00" testType="13cdc9d9-ddb5-4fa4-a97d-d965ccfc6d4b" outcome="Passed" testListId="8c84fa94-04c1-424b-9868-57a2d4851a1d" relativeResultsDirectory="533f66eb-8442-4e2d-bbc4-56b5e3030d6f">
    </UnitTestResult>
    <UnitTestResult executionId="ea6a9b41-82ad-4249-9931-60364b078d38" testId="c018f654-f072-5a28-9b03-624324ed25c2" testName="ZeroWhenEmpty" computerName="STEVEIBPDESKTOP" duration="00:00:00.0002187" startTime="2010-07-26T22:44:14.2602500-04:00" endTime="2010-07-26T22:44:14.2748984-04:00" testType="13cdc9d9-ddb5-4fa4-a97d-d965ccfc6d4b" outcome="Passed" testListId="8c84fa94-04c1-424b-9868-57a2d4851a1d" relativeResultsDirectory="ea6a9b41-82ad-4249-9931-60364b078d38">
    </UnitTestResult>
  </Results>
</TestRun>