<?xml version="1.0" encoding="UTF-8"?>
<TestRun id="556a6e12-1352-469b-a56f-001a3d04f276" name="Steve@STEVEIBPDESKTOP 2010-07-26 23:16:10" runUser="SteveIBPDesktop\Steve" xmlns="http://microsoft.com/schemas/VisualStudio/TeamTest/2010">
  <TestSettings name="Default Test Settings" id="96dade4f-2859-45e1-acbb-8dec9cf9384e">
    <Execution>
      <TestTypeSpecific />
      <AgentRule name="Execution Agents">
      </AgentRule>
    </Execution>
    <Deployment runDeploymentRoot="Steve_STEVEIBPDESKTOP 2010-07-26 23_16_10" />
  </TestSettings>
  <Times creation="2010-07-26T23:16:10.1498984-04:00" queuing="2010-07-26T23:16:10.2036093-04:00" start="2010-07-26T23:16:10.2319296-04:00" finish="2010-07-26T23:16:10.5151328-04:00" />
  <ResultSummary outcome="Completed">
    <Counters total="6" executed="6" passed="6" error="0" failed="0" timeout="0" aborted="0" inconclusive="0" passedButRunAborted="0" notRunnable="0" notExecuted="0" disconnected="0" warning="0" completed="0" inProgress="0" pending="0" />
  </ResultSummary>
  <TestDefinitions>
    <UnitTest name="FiveWithOneEachItem" storage="c:\users\steve\documents\my projects\pluralsight\002 - open closed principle\demo\ocp\testproject1\bin\debug\commerceproject.dll" id="7d829c88-f649-0b2b-285a-7f018d897da0">
      <Execution id="6df8ee07-745e-40ac-b996-2ae089f77204" />
      <TestMethod codeBase="C:/Users/Steve/Documents/My Projects/PluralSight/002 - Open Closed Principle/Demo/OCP/TestProject1/bin/Debug/CommerceProject.DLL" adapterTypeName="Microsoft.VisualStudio.TestTools.TestTypes.Unit.UnitTestAdapter, Microsoft.VisualStudio.QualityTools.Tips.UnitTest.Adapter, Version=10.0.0.0, Culture=neutral, PublicKeyToken=b03f5f7f11d50a3a" className="CommerceProject.CartTotalShouldReturn, CommerceProject, Version=1.0.0.0, Culture=neutral, PublicKeyToken=null" name="FiveWithOneEachItem" />
    </UnitTest>
    <UnitTest name="TwoWithHalfKiloWeightItem" storage="c:\users\steve\documents\my projects\pluralsight\002 - open closed principle\demo\ocp\testproject1\bin\debug\commerceproject.dll" id="2b0865e2-2362-aae4-fae3-d17616115b15">
      <Execution id="fbd08d79-d8c5-4768-b27a-9e49bfedbc59" />
      <TestMethod codeBase="C:/Users/Steve/Documents/My Projects/PluralSight/002 - Open Closed Principle/Demo/OCP/TestProject1/bin/Debug/CommerceProject.DLL" adapterTypeName="Microsoft.VisualStudio.TestTools.TestTypes.Unit.UnitTestAdapter, Microsoft.VisualStudio.QualityTools.Tips.UnitTest.Adapter, Version=10.0.0.0, Culture=neutral, PublicKeyToken=b03f5f7f11d50a3a" className="CommerceProject.CartTotalShouldReturn, CommerceProject, Version=1.0.0.0, Culture=neutral, PublicKeyToken=null" name="TwoWithHalfKiloWeightItem" />
    </UnitTest>
    <UnitTest name="TwoDollarsWithSixSpecialItem" storage="c:\users\steve\documents\my projects\pluralsight\002 - open closed principle\demo\ocp\testproject1\bin\debug\commerceproject.dll" id="639ab4a9-4933-f723-4206-a4b708a5ee7d">
      <Execution id="78e23ac0-66ca-4835-aba2-b7516db24ea8" />
      <TestMethod codeBase="C:/Users/Steve/Documents/My Projects/PluralSight/002 - Open Closed Principle/Demo/OCP/TestProject1/bin/Debug/CommerceProject.DLL" adapterTypeName="Microsoft.VisualStudio.TestTools.TestTypes.Unit.UnitTestAdapter, Microsoft.VisualStudio.QualityTools.Tips.UnitTest.Adapter, Version=10.0.0.0, Culture=neutral, PublicKeyToken=b03f5f7f11d50a3a" className="CommerceProject.CartTotalShouldReturn, CommerceProject, Version=1.0.0.0, Culture=neutral, PublicKeyToken=null" name="TwoDollarsWithSixSpecialItem" />
    </UnitTest>
    <UnitTest name="EightyCentsWithTwoSpecialItem" storage="c:\users\steve\documents\my projects\pluralsight\002 - open closed principle\demo\ocp\testproject1\bin\debug\commerceproject.dll" id="1f22e663-811f-12e0-f931-8157c1d6fe47">
      <Execution id="2be3e5bd-6c6d-487d-b8c1-8a3ad307b2eb" />
      <TestMethod codeBase="C:/Users/Steve/Documents/My Projects/PluralSight/002 - Open Closed Principle/Demo/OCP/TestProject1/bin/Debug/CommerceProject.DLL" adapterTypeName="Microsoft.VisualStudio.TestTools.TestTypes.Unit.UnitTestAdapter, Microsoft.VisualStudio.QualityTools.Tips.UnitTest.Adapter, Version=10.0.0.0, Culture=neutral, PublicKeyToken=b03f5f7f11d50a3a" className="CommerceProject.CartTotalShouldReturn, CommerceProject, Version=1.0.0.0, Culture=neutral, PublicKeyToken=null" name="EightyCentsWithTwoSpecialItem" />
    </UnitTest>
    <UnitTest name="FourDollarsWithFourBuy4Get1FreeItems" storage="c:\users\steve\documents\my projects\pluralsight\002 - open closed principle\demo\ocp\testproject1\bin\debug\commerceproject.dll" id="8b36ed89-b128-95b3-2bed-df25c04e0610">
      <Execution id="e8609977-7f94-4c81-86fa-32c97a547139" />
      <TestMethod codeBase="C:/Users/Steve/Documents/My Projects/PluralSight/002 - Open Closed Principle/Demo/OCP/TestProject1/bin/Debug/CommerceProject.DLL" adapterTypeName="Microsoft.VisualStudio.TestTools.TestTypes.Unit.UnitTestAdapter, Microsoft.VisualStudio.QualityTools.Tips.UnitTest.Adapter, Version=10.0.0.0, Culture=neutral, PublicKeyToken=b03f5f7f11d50a3a" className="CommerceProject.CartTotalShouldReturn, CommerceProject, Version=1.0.0.0, Culture=neutral, PublicKeyToken=null" name="FourDollarsWithFourBuy4Get1FreeItems" />
    </UnitTest>
    <UnitTest name="ZeroWhenEmpty" storage="c:\users\steve\documents\my projects\pluralsight\002 - open closed principle\demo\ocp\testproject1\bin\debug\commerceproject.dll" id="c018f654-f072-5a28-9b03-624324ed25c2">
      <Execution id="383dcda1-975c-460a-b6e4-02cd3d1df6df" />
      <TestMethod codeBase="C:/Users/Steve/Documents/My Projects/PluralSight/002 - Open Closed Principle/Demo/OCP/TestProject1/bin/Debug/CommerceProject.DLL" adapterTypeName="Microsoft.VisualStudio.TestTools.TestTypes.Unit.UnitTestAdapter, Microsoft.VisualStudio.QualityTools.Tips.UnitTest.Adapter, Version=10.0.0.0, Culture=neutral, PublicKeyToken=b03f5f7f11d50a3a" className="CommerceProject.CartTotalShouldReturn, CommerceProject, Version=1.0.0.0, Culture=neutral, PublicKeyToken=null" name="ZeroWhenEmpty" />
    </UnitTest>
  </TestDefinitions>
  <TestLists>
    <TestList name="Results Not in a List" id="8c84fa94-04c1-424b-9868-57a2d4851a1d" />
    <TestList name="All Loaded Results" id="19431567-8539-422a-85d7-44ee4e166bda" />
  </TestLists>
  <TestEntries>
    <TestEntry testId="1f22e663-811f-12e0-f931-8157c1d6fe47" executionId="2be3e5bd-6c6d-487d-b8c1-8a3ad307b2eb" testListId="8c84fa94-04c1-424b-9868-57a2d4851a1d" />
    <TestEntry testId="2b0865e2-2362-aae4-fae3-d17616115b15" executionId="fbd08d79-d8c5-4768-b27a-9e49bfedbc59" testListId="8c84fa94-04c1-424b-9868-57a2d4851a1d" />
    <TestEntry testId="639ab4a9-4933-f723-4206-a4b708a5ee7d" executionId="78e23ac0-66ca-4835-aba2-b7516db24ea8" testListId="8c84fa94-04c1-424b-9868-57a2d4851a1d" />
    <TestEntry testId="7d829c88-f649-0b2b-285a-7f018d897da0" executionId="6df8ee07-745e-40ac-b996-2ae089f77204" testListId="8c84fa94-04c1-424b-9868-57a2d4851a1d" />
    <TestEntry testId="8b36ed89-b128-95b3-2bed-df25c04e0610" executionId="e8609977-7f94-4c81-86fa-32c97a547139" testListId="8c84fa94-04c1-424b-9868-57a2d4851a1d" />
    <TestEntry testId="c018f654-f072-5a28-9b03-624324ed25c2" executionId="383dcda1-975c-460a-b6e4-02cd3d1df6df" testListId="8c84fa94-04c1-424b-9868-57a2d4851a1d" />
  </TestEntries>
  <Results>
    <UnitTestResult executionId="2be3e5bd-6c6d-487d-b8c1-8a3ad307b2eb" testId="1f22e663-811f-12e0-f931-8157c1d6fe47" testName="EightyCentsWithTwoSpecialItem" computerName="STEVEIBPDESKTOP" duration="00:00:00.0160608" startTime="2010-07-26T23:16:10.2456015-04:00" endTime="2010-07-26T23:16:10.4672812-04:00" testType="13cdc9d9-ddb5-4fa4-a97d-d965ccfc6d4b" outcome="Passed" testListId="8c84fa94-04c1-424b-9868-57a2d4851a1d" relativeResultsDirectory="2be3e5bd-6c6d-487d-b8c1-8a3ad307b2eb">
    </UnitTestResult>
    <UnitTestResult executionId="fbd08d79-d8c5-4768-b27a-9e49bfedbc59" testId="2b0865e2-2362-aae4-fae3-d17616115b15" testName="TwoWithHalfKiloWeightItem" computerName="STEVEIBPDESKTOP" duration="00:00:00.0005136" startTime="2010-07-26T23:16:10.4682578-04:00" endTime="2010-07-26T23:16:10.4741171-04:00" testType="13cdc9d9-ddb5-4fa4-a97d-d965ccfc6d4b" outcome="Passed" testListId="8c84fa94-04c1-424b-9868-57a2d4851a1d" relativeResultsDirectory="fbd08d79-d8c5-4768-b27a-9e49bfedbc59">
    </UnitTestResult>
    <UnitTestResult executionId="78e23ac0-66ca-4835-aba2-b7516db24ea8" testId="639ab4a9-4933-f723-4206-a4b708a5ee7d" testName="TwoDollarsWithSixSpecialItem" computerName="STEVEIBPDESKTOP" duration="00:00:00.0003018" startTime="2010-07-26T23:16:10.4760703-04:00" endTime="2010-07-26T23:16:10.4799765-04:00" testType="13cdc9d9-ddb5-4fa4-a97d-d965ccfc6d4b" outcome="Passed" testListId="8c84fa94-04c1-424b-9868-57a2d4851a1d" relativeResultsDirectory="78e23ac0-66ca-4835-aba2-b7516db24ea8">
    </UnitTestResult>
    <UnitTestResult executionId="6df8ee07-745e-40ac-b996-2ae089f77204" testId="7d829c88-f649-0b2b-285a-7f018d897da0" testName="FiveWithOneEachItem" computerName="STEVEIBPDESKTOP" duration="00:00:00.0003815" startTime="2010-07-26T23:16:10.4809531-04:00" endTime="2010-07-26T23:16:10.4848593-04:00" testType="13cdc9d9-ddb5-4fa4-a97d-d965ccfc6d4b" outcome="Passed" testListId="8c84fa94-04c1-424b-9868-57a2d4851a1d" relativeResultsDirectory="6df8ee07-745e-40ac-b996-2ae089f77204">
    </UnitTestResult>
    <UnitTestResult executionId="e8609977-7f94-4c81-86fa-32c97a547139" testId="8b36ed89-b128-95b3-2bed-df25c04e0610" testName="FourDollarsWithFourBuy4Get1FreeItems" computerName="STEVEIBPDESKTOP" duration="00:00:00.0004378" startTime="2010-07-26T23:16:10.4858359-04:00" endTime="2010-07-26T23:16:10.4907187-04:00" testType="13cdc9d9-ddb5-4fa4-a97d-d965ccfc6d4b" outcome="Passed" testListId="8c84fa94-04c1-424b-9868-57a2d4851a1d" relativeResultsDirectory="e8609977-7f94-4c81-86fa-32c97a547139">
    </UnitTestResult>
    <UnitTestResult executionId="383dcda1-975c-460a-b6e4-02cd3d1df6df" testId="c018f654-f072-5a28-9b03-624324ed25c2" testName="ZeroWhenEmpty" computerName="STEVEIBPDESKTOP" duration="00:00:00.0001930" startTime="2010-07-26T23:16:10.4916953-04:00" endTime="2010-07-26T23:16:10.4956015-04:00" testType="13cdc9d9-ddb5-4fa4-a97d-d965ccfc6d4b" outcome="Passed" testListId="8c84fa94-04c1-424b-9868-57a2d4851a1d" relativeResultsDirectory="383dcda1-975c-460a-b6e4-02cd3d1df6df">
    </UnitTestResult>
  </Results>
</TestRun>